[debug] [2026-01-30T12:06:34.656Z] ----------------------------------------------------------------------
[debug] [2026-01-30T12:06:34.658Z] Command:       /usr/bin/node /home/adith/.bun/bin/firebase init
[debug] [2026-01-30T12:06:34.659Z] CLI Version:   15.5.1
[debug] [2026-01-30T12:06:34.659Z] Platform:      linux
[debug] [2026-01-30T12:06:34.659Z] Node Version:  v22.22.0
[debug] [2026-01-30T12:06:34.659Z] Time:          Fri Jan 30 2026 17:36:34 GMT+0530 (India Standard Time)
[debug] [2026-01-30T12:06:34.659Z] ----------------------------------------------------------------------
[debug] 
[info] 
     ######## #### ########  ######## ########     ###     ######  ########
     ##        ##  ##     ## ##       ##     ##  ##   ##  ##       ##
     ######    ##  ########  ######   ########  #########  ######  ######
     ##        ##  ##    ##  ##       ##     ## ##     ##       ## ##
     ##       #### ##     ## ######## ########  ##     ##  ######  ########

You're about to initialize a Firebase project in this directory:

  /home/adith/Projects/software_project

[debug] [2026-01-30T12:06:54.945Z] ExitPromptError: User force closed the prompt with SIGINT
    at Interface.sigint (/home/adith/.bun/install/global/node_modules/@inquirer/core/dist/commonjs/lib/create-prompt.js:101:37)
    at Interface.emit (node:events:519:28)
    at [_ttyWrite] [as _ttyWrite] (node:internal/readline/interface:1134:18)
    at ReadStream.onkeypress (node:internal/readline/interface:271:20)
    at ReadStream.emit (node:events:531:35)
    at emitKeys (node:internal/readline/utils:370:14)
    at emitKeys.next (<anonymous>)
    at ReadStream.onData (node:internal/readline/emitKeypressEvents:64:36)
    at ReadStream.emit (node:events:519:28)
    at addChunk (node:internal/streams/readable:561:12)
[error] 
[error] Error: An unexpected error has occurred.
